🧪 Starting sanity checks for latent injection training pipeline...
Device: cuda
Total GPU memory: 23.68 GB
==================================================
Testing LatentEncoder...
✓ LatentEncoder test passed! Output shape: torch.Size([4, 256])
  Latent range: [-0.080, 0.075]
==================================================
Testing forward process...
✓ Forward process test passed!
  Input shape: torch.Size([4, 128])
  Masked tokens: 181/512 (35.4%)
🧹 GPU cache cleaned before heavy tests
==================================================
Testing ReasoningLatentGenerator...
Using device: cuda
Loading thinker model...
🔍 DEBUG - Thinker model dtype: torch.bfloat16
🔍 DEBUG - Latent encoder dtype: torch.bfloat16
Using 4 sample questions:
  1. What is the solution to the equation 2x + 5 = 17? Show your work step by step.
  2. A train leaves New York at 9:00 AM traveling at 120 mph. Another train leaves Bo...
  3. Explain the process of photosynthesis and why it's important for life on Earth. ...
  4. A company's revenue increased from $2.5 million to $3.2 million over two years. ...
Tokenized input shape: torch.Size([4, 63])
🔍 DEBUG - generate_latents called with input_ids dtype: torch.int64, shape: torch.Size([4, 63])
🔍 DEBUG - Generated 4 reasoning prompts for 4 contexts
🔍 DEBUG - Thinker input_ids shape: torch.Size([4, 59])
🔍 DEBUG - Thinker output dtype: torch.bfloat16
🔍 DEBUG - Thinker output shape: torch.Size([4, 59, 2560])
🔍 DEBUG - About to pass to latent encoder...
🔍 DEBUG - Latent encoder output dtype: torch.bfloat16
🔍 DEBUG - Latent encoder output shape: torch.Size([4, 256])
🔍 DEBUG - Final output dtype: torch.float32
✓ ReasoningLatentGenerator test passed! Output shape: torch.Size([4, 256])
✓ Prompt generation test passed! Generated 4 prompts
  Sample reasoning prompt (first 150 chars):
  Summarize the key ideas and next logical steps for: What is the solution to the equation 2x + 5 = 17? Show your work step by step....
Summary:...
🧹 Cleaned GPU cache and garbage collected. GPU memory in use: 4.95 GB
🧹 GPU cache cleaned before FiLM test
==================================================
Testing FiLM-enabled LLaDA model...
Free GPU memory: 23.67 GB
GPU memory before loading: 0.01 GB
Creating FiLM model...
Loading original model...
Transferring weights...
Transferred: 291 layers
Skipped: 0 layers
New FiLM parameters: 69,738,496
Converting model to bfloat16 and moving to device...
⚠ FiLM model test failed: CUDA out of memory. Tried to allocate 192.00 MiB. GPU 0 has a total capacity of 23.68 GiB of which 78.62 MiB is free. Including non-PyTorch memory, this process has 23.60 GiB memory in use. Of the allocated memory 23.34 GiB is allocated by PyTorch, and 12.90 MiB is reserved by PyTorch but unallocated. If reserved but unallocated memory is large try setting PYTORCH_CUDA_ALLOC_CONF=expandable_segments:True to avoid fragmentation.  See documentation for Memory Management  (https://pytorch.org/docs/stable/notes/cuda.html#environment-variables)
  This might be due to missing model files. Continuing with other tests...
🧹 Cleaned GPU cache after FiLM test
==================================================
Testing full training pipeline...
Loading LLaDA model with FiLM adapters...
Creating FiLM model...
Loading original model...
Transferring weights...
Transferred: 291 layers
Skipped: 0 layers
New FiLM parameters: 69,738,496
Converting model to bfloat16 and moving to device...
⚠ Full pipeline test failed: CUDA out of memory. Tried to allocate 192.00 MiB. GPU 0 has a total capacity of 23.68 GiB of which 78.62 MiB is free. Including non-PyTorch memory, this process has 23.60 GiB memory in use. Of the allocated memory 23.34 GiB is allocated by PyTorch, and 12.90 MiB is reserved by PyTorch but unallocated. If reserved but unallocated memory is large try setting PYTORCH_CUDA_ALLOC_CONF=expandable_segments:True to avoid fragmentation.  See documentation for Memory Management  (https://pytorch.org/docs/stable/notes/cuda.html#environment-variables)
  This might be due to missing model files. Check the individual component tests above.
==================================================
Testing gradient flow...
Loading LLaDA model with FiLM adapters...
Creating FiLM model...
